<?xml version="1.0" encoding="UTF-8"?>
<coverage generated="1629464351485" clover="3.2.0">
  <project timestamp="1629464351486" name="All files">
    <metrics statements="276" coveredstatements="136" conditionals="78" coveredconditionals="13" methods="72" coveredmethods="49" elements="426" coveredelements="198" complexity="0" loc="276" ncloc="276" packages="3" files="13" classes="13"/>
    <package name="src">
      <metrics statements="202" coveredstatements="71" conditionals="62" coveredconditionals="6" methods="39" coveredmethods="16"/>
      <file name="App.vue" path="D:\CS\Courses\Trendyol Front-End Bootcamp\GitHub\reversed-spider-solitaire-mahmud-mardini\src\App.vue">
        <metrics statements="202" coveredstatements="71" conditionals="62" coveredconditionals="6" methods="39" coveredmethods="16"/>
        <line num="53" count="2" type="stmt"/>
        <line num="56" count="2" type="stmt"/>
        <line num="57" count="2" type="stmt"/>
        <line num="58" count="2" type="stmt"/>
        <line num="59" count="2" type="stmt"/>
        <line num="60" count="2" type="stmt"/>
        <line num="61" count="2" type="stmt"/>
        <line num="64" count="2" type="stmt"/>
        <line num="65" count="2" type="stmt"/>
        <line num="67" count="2" type="stmt"/>
        <line num="68" count="2" type="stmt"/>
        <line num="70" count="2" type="stmt"/>
        <line num="83" count="2" type="stmt"/>
        <line num="84" count="20" type="stmt"/>
        <line num="115" count="1" type="stmt"/>
        <line num="116" count="104" type="stmt"/>
        <line num="125" count="700" type="stmt"/>
        <line num="126" count="700" type="stmt"/>
        <line num="131" count="1" type="stmt"/>
        <line num="134" count="1" type="stmt"/>
        <line num="135" count="4" type="stmt"/>
        <line num="136" count="24" type="stmt"/>
        <line num="137" count="24" type="stmt"/>
        <line num="138" count="24" type="stmt"/>
        <line num="143" count="1" type="stmt"/>
        <line num="144" count="6" type="stmt"/>
        <line num="145" count="30" type="stmt"/>
        <line num="146" count="30" type="stmt"/>
        <line num="147" count="30" type="stmt"/>
        <line num="152" count="1" type="stmt"/>
        <line num="153" count="10" type="stmt"/>
        <line num="154" count="10" type="stmt"/>
        <line num="158" count="1" type="stmt"/>
        <line num="162" count="22" type="stmt"/>
        <line num="163" count="2" type="stmt"/>
        <line num="164" count="2" type="stmt"/>
        <line num="165" count="2" type="stmt"/>
        <line num="166" count="2" type="stmt"/>
        <line num="167" count="2" type="stmt"/>
        <line num="168" count="2" type="stmt"/>
        <line num="169" count="2" type="stmt"/>
        <line num="172" count="2" type="stmt"/>
        <line num="173" count="2" type="stmt"/>
        <line num="174" count="0" type="stmt"/>
        <line num="180" count="0" type="stmt"/>
        <line num="181" count="0" type="stmt"/>
        <line num="182" count="0" type="stmt"/>
        <line num="185" count="0" type="stmt"/>
        <line num="188" count="0" type="stmt"/>
        <line num="189" count="0" type="stmt"/>
        <line num="193" count="0" type="stmt"/>
        <line num="194" count="0" type="cond" truecount="0" falsecount="2"/>
        <line num="196" count="0" type="stmt"/>
        <line num="202" count="0" type="stmt"/>
        <line num="208" count="0" type="cond" truecount="0" falsecount="2"/>
        <line num="209" count="0" type="stmt"/>
        <line num="213" count="0" type="stmt"/>
        <line num="214" count="0" type="stmt"/>
        <line num="217" count="0" type="stmt"/>
        <line num="218" count="0" type="stmt"/>
        <line num="219" count="0" type="stmt"/>
        <line num="220" count="0" type="stmt"/>
        <line num="223" count="0" type="cond" truecount="0" falsecount="2"/>
        <line num="228" count="0" type="stmt"/>
        <line num="229" count="0" type="stmt"/>
        <line num="230" count="0" type="stmt"/>
        <line num="231" count="0" type="stmt"/>
        <line num="234" count="0" type="stmt"/>
        <line num="235" count="0" type="cond" truecount="0" falsecount="2"/>
        <line num="236" count="0" type="stmt"/>
        <line num="237" count="0" type="stmt"/>
        <line num="238" count="0" type="stmt"/>
        <line num="243" count="0" type="cond" truecount="0" falsecount="2"/>
        <line num="244" count="0" type="stmt"/>
        <line num="247" count="0" type="stmt"/>
        <line num="248" count="0" type="stmt"/>
        <line num="250" count="0" type="stmt"/>
        <line num="252" count="0" type="cond" truecount="0" falsecount="2"/>
        <line num="253" count="0" type="stmt"/>
        <line num="255" count="0" type="stmt"/>
        <line num="259" count="0" type="cond" truecount="0" falsecount="2"/>
        <line num="260" count="0" type="stmt"/>
        <line num="264" count="0" type="cond" truecount="0" falsecount="2"/>
        <line num="267" count="0" type="stmt"/>
        <line num="268" count="0" type="stmt"/>
        <line num="269" count="0" type="stmt"/>
        <line num="270" count="0" type="stmt"/>
        <line num="274" count="0" type="stmt"/>
        <line num="277" count="0" type="cond" truecount="0" falsecount="2"/>
        <line num="278" count="0" type="stmt"/>
        <line num="279" count="0" type="cond" truecount="0" falsecount="2"/>
        <line num="282" count="0" type="stmt"/>
        <line num="285" count="0" type="stmt"/>
        <line num="286" count="0" type="stmt"/>
        <line num="289" count="0" type="stmt"/>
        <line num="290" count="0" type="stmt"/>
        <line num="293" count="0" type="stmt"/>
        <line num="294" count="0" type="stmt"/>
        <line num="296" count="0" type="stmt"/>
        <line num="299" count="0" type="stmt"/>
        <line num="305" count="0" type="stmt"/>
        <line num="307" count="0" type="cond" truecount="0" falsecount="2"/>
        <line num="308" count="0" type="stmt"/>
        <line num="309" count="0" type="stmt"/>
        <line num="313" count="0" type="stmt"/>
        <line num="314" count="0" type="stmt"/>
        <line num="318" count="0" type="cond" truecount="0" falsecount="4"/>
        <line num="319" count="0" type="stmt"/>
        <line num="322" count="0" type="cond" truecount="0" falsecount="2"/>
        <line num="325" count="0" type="stmt"/>
        <line num="328" count="0" type="stmt"/>
        <line num="329" count="0" type="stmt"/>
        <line num="333" count="0" type="stmt"/>
        <line num="334" count="0" type="stmt"/>
        <line num="336" count="0" type="cond" truecount="0" falsecount="2"/>
        <line num="338" count="0" type="stmt"/>
        <line num="339" count="0" type="stmt"/>
        <line num="341" count="0" type="stmt"/>
        <line num="347" count="0" type="cond" truecount="0" falsecount="2"/>
        <line num="348" count="0" type="stmt"/>
        <line num="349" count="0" type="stmt"/>
        <line num="352" count="0" type="stmt"/>
        <line num="355" count="0" type="stmt"/>
        <line num="361" count="0" type="stmt"/>
        <line num="362" count="0" type="stmt"/>
        <line num="363" count="0" type="stmt"/>
        <line num="365" count="0" type="stmt"/>
        <line num="368" count="0" type="cond" truecount="0" falsecount="4"/>
        <line num="369" count="0" type="stmt"/>
        <line num="370" count="0" type="stmt"/>
        <line num="371" count="0" type="stmt"/>
        <line num="375" count="0" type="stmt"/>
        <line num="376" count="0" type="stmt"/>
        <line num="380" count="0" type="cond" truecount="0" falsecount="2"/>
        <line num="381" count="0" type="stmt"/>
        <line num="385" count="0" type="stmt"/>
        <line num="386" count="0" type="stmt"/>
        <line num="387" count="0" type="stmt"/>
        <line num="389" count="0" type="stmt"/>
        <line num="391" count="0" type="stmt"/>
        <line num="394" count="0" type="cond" truecount="0" falsecount="2"/>
        <line num="395" count="0" type="stmt"/>
        <line num="398" count="0" type="stmt"/>
        <line num="402" count="0" type="stmt"/>
        <line num="405" count="0" type="stmt"/>
        <line num="408" count="0" type="stmt"/>
        <line num="409" count="0" type="stmt"/>
        <line num="411" count="0" type="stmt"/>
        <line num="416" count="2" type="stmt"/>
        <line num="418" count="2" type="cond" truecount="1" falsecount="1"/>
        <line num="419" count="0" type="stmt"/>
        <line num="420" count="0" type="stmt"/>
        <line num="423" count="0" type="cond" truecount="0" falsecount="2"/>
        <line num="424" count="0" type="stmt"/>
        <line num="426" count="0" type="stmt"/>
        <line num="430" count="2" type="cond" truecount="1" falsecount="1"/>
        <line num="431" count="0" type="stmt"/>
        <line num="432" count="0" type="stmt"/>
        <line num="435" count="2" type="stmt"/>
        <line num="436" count="0" type="stmt"/>
        <line num="437" count="0" type="stmt"/>
        <line num="441" count="2" type="cond" truecount="1" falsecount="1"/>
        <line num="442" count="2" type="stmt"/>
        <line num="445" count="2" type="cond" truecount="1" falsecount="1"/>
        <line num="446" count="2" type="stmt"/>
        <line num="449" count="2" type="cond" truecount="1" falsecount="1"/>
        <line num="450" count="2" type="stmt"/>
        <line num="453" count="0" type="stmt"/>
        <line num="458" count="1" type="stmt"/>
        <line num="462" count="3" type="stmt"/>
        <line num="463" count="3" type="stmt"/>
        <line num="464" count="3" type="stmt"/>
        <line num="465" count="3" type="stmt"/>
        <line num="466" count="3" type="stmt"/>
        <line num="468" count="0" type="stmt"/>
        <line num="473" count="1" type="stmt"/>
        <line num="475" count="1" type="cond" truecount="1" falsecount="1"/>
        <line num="476" count="0" type="stmt"/>
        <line num="477" count="0" type="stmt"/>
        <line num="478" count="0" type="cond" truecount="0" falsecount="2"/>
        <line num="481" count="0" type="stmt"/>
        <line num="486" count="1" type="stmt"/>
        <line num="488" count="1" type="stmt"/>
        <line num="489" count="10" type="stmt"/>
        <line num="493" count="1" type="stmt"/>
        <line num="494" count="1" type="stmt"/>
        <line num="495" count="1" type="cond" truecount="0" falsecount="2"/>
        <line num="496" count="0" type="stmt"/>
        <line num="501" count="0" type="cond" truecount="0" falsecount="2"/>
        <line num="503" count="0" type="stmt"/>
        <line num="505" count="0" type="stmt"/>
        <line num="506" count="0" type="stmt"/>
        <line num="509" count="0" type="cond" truecount="0" falsecount="2"/>
        <line num="510" count="0" type="stmt"/>
        <line num="512" count="0" type="stmt"/>
        <line num="517" count="0" type="stmt"/>
        <line num="518" count="0" type="stmt"/>
        <line num="521" count="0" type="stmt"/>
        <line num="529" count="1" type="stmt"/>
        <line num="534" count="2" type="stmt"/>
        <line num="535" count="2" type="stmt"/>
        <line num="536" count="2" type="stmt"/>
      </file>
    </package>
    <package name="src.components">
      <metrics statements="50" coveredstatements="41" conditionals="16" coveredconditionals="7" methods="21" coveredmethods="21"/>
      <file name="AddCards.vue" path="D:\CS\Courses\Trendyol Front-End Bootcamp\GitHub\reversed-spider-solitaire-mahmud-mardini\src\components\AddCards.vue">
        <metrics statements="19" coveredstatements="16" conditionals="4" coveredconditionals="2" methods="6" coveredmethods="6"/>
        <line num="34" count="2" type="stmt"/>
        <line num="42" count="2" type="stmt"/>
        <line num="46" count="1" type="stmt"/>
        <line num="50" count="1" type="stmt"/>
        <line num="52" count="1" type="cond" truecount="1" falsecount="1"/>
        <line num="55" count="2" type="stmt"/>
        <line num="58" count="1" type="cond" truecount="1" falsecount="1"/>
        <line num="61" count="1" type="stmt"/>
        <line num="62" count="1" type="stmt"/>
        <line num="63" count="1" type="stmt"/>
        <line num="64" count="1" type="stmt"/>
        <line num="66" count="1" type="stmt"/>
        <line num="69" count="1" type="stmt"/>
        <line num="72" count="1" type="stmt"/>
        <line num="75" count="1" type="stmt"/>
        <line num="76" count="1" type="stmt"/>
        <line num="79" count="0" type="stmt"/>
        <line num="85" count="0" type="stmt"/>
        <line num="86" count="0" type="stmt"/>
      </file>
      <file name="Card.vue" path="D:\CS\Courses\Trendyol Front-End Bootcamp\GitHub\reversed-spider-solitaire-mahmud-mardini\src\components\Card.vue">
        <metrics statements="4" coveredstatements="4" conditionals="0" coveredconditionals="0" methods="2" coveredmethods="2"/>
        <line num="36" count="4" type="stmt"/>
        <line num="48" count="2" type="stmt"/>
        <line num="49" count="2" type="stmt"/>
        <line num="53" count="2" type="stmt"/>
      </file>
      <file name="Hint.vue" path="D:\CS\Courses\Trendyol Front-End Bootcamp\GitHub\reversed-spider-solitaire-mahmud-mardini\src\components\Hint.vue">
        <metrics statements="1" coveredstatements="1" conditionals="0" coveredconditionals="0" methods="1" coveredmethods="1"/>
        <line num="23" count="1" type="stmt"/>
      </file>
      <file name="Levels.vue" path="D:\CS\Courses\Trendyol Front-End Bootcamp\GitHub\reversed-spider-solitaire-mahmud-mardini\src\components\Levels.vue">
        <metrics statements="5" coveredstatements="5" conditionals="0" coveredconditionals="0" methods="5" coveredmethods="5"/>
        <line num="34" count="2" type="stmt"/>
        <line num="45" count="2" type="stmt"/>
        <line num="51" count="2" type="stmt"/>
        <line num="54" count="1" type="stmt"/>
        <line num="61" count="2" type="stmt"/>
      </file>
      <file name="NewGame.vue" path="D:\CS\Courses\Trendyol Front-End Bootcamp\GitHub\reversed-spider-solitaire-mahmud-mardini\src\components\NewGame.vue">
        <metrics statements="2" coveredstatements="2" conditionals="0" coveredconditionals="0" methods="2" coveredmethods="2"/>
        <line num="28" count="1" type="stmt"/>
        <line num="31" count="1" type="stmt"/>
      </file>
      <file name="Pile.vue" path="D:\CS\Courses\Trendyol Front-End Bootcamp\GitHub\reversed-spider-solitaire-mahmud-mardini\src\components\Pile.vue">
        <metrics statements="18" coveredstatements="12" conditionals="12" coveredconditionals="5" methods="4" coveredmethods="4"/>
        <line num="14" count="3" type="stmt"/>
        <line num="33" count="11" type="stmt"/>
        <line num="42" count="11" type="stmt"/>
        <line num="43" count="11" type="stmt"/>
        <line num="48" count="1" type="stmt"/>
        <line num="54" count="12" type="stmt"/>
        <line num="56" count="12" type="cond" truecount="1" falsecount="1"/>
        <line num="57" count="0" type="cond" truecount="0" falsecount="2"/>
        <line num="58" count="0" type="stmt"/>
        <line num="60" count="0" type="stmt"/>
        <line num="61" count="12" type="cond" truecount="1" falsecount="1"/>
        <line num="64" count="0" type="cond" truecount="0" falsecount="2"/>
        <line num="65" count="0" type="stmt"/>
        <line num="67" count="0" type="stmt"/>
        <line num="68" count="12" type="cond" truecount="1" falsecount="1"/>
        <line num="71" count="12" type="cond" truecount="2" falsecount="0"/>
        <line num="72" count="11" type="stmt"/>
        <line num="74" count="12" type="stmt"/>
      </file>
      <file name="Restart.vue" path="D:\CS\Courses\Trendyol Front-End Bootcamp\GitHub\reversed-spider-solitaire-mahmud-mardini\src\components\Restart.vue">
        <metrics statements="1" coveredstatements="1" conditionals="0" coveredconditionals="0" methods="1" coveredmethods="1"/>
        <line num="23" count="1" type="stmt"/>
      </file>
    </package>
    <package name="src.views">
      <metrics statements="24" coveredstatements="24" conditionals="0" coveredconditionals="0" methods="12" coveredmethods="12"/>
      <file name="Actions.vue" path="D:\CS\Courses\Trendyol Front-End Bootcamp\GitHub\reversed-spider-solitaire-mahmud-mardini\src\views\Actions.vue">
        <metrics statements="8" coveredstatements="8" conditionals="0" coveredconditionals="0" methods="4" coveredmethods="4"/>
        <line num="17" count="3" type="stmt"/>
        <line num="18" count="3" type="stmt"/>
        <line num="19" count="3" type="stmt"/>
        <line num="20" count="3" type="stmt"/>
        <line num="39" count="2" type="stmt"/>
        <line num="42" count="1" type="stmt"/>
        <line num="50" count="1" type="stmt"/>
        <line num="54" count="1" type="stmt"/>
      </file>
      <file name="Header.vue" path="D:\CS\Courses\Trendyol Front-End Bootcamp\GitHub\reversed-spider-solitaire-mahmud-mardini\src\views\Header.vue">
        <metrics statements="4" coveredstatements="4" conditionals="0" coveredconditionals="0" methods="0" coveredmethods="0"/>
        <line num="16" count="3" type="stmt"/>
        <line num="17" count="3" type="stmt"/>
        <line num="18" count="3" type="stmt"/>
        <line num="19" count="3" type="stmt"/>
      </file>
      <file name="StartModal.vue" path="D:\CS\Courses\Trendyol Front-End Bootcamp\GitHub\reversed-spider-solitaire-mahmud-mardini\src\views\StartModal.vue">
        <metrics statements="6" coveredstatements="6" conditionals="0" coveredconditionals="0" methods="5" coveredmethods="5"/>
        <line num="37" count="3" type="stmt"/>
        <line num="54" count="2" type="stmt"/>
        <line num="57" count="1" type="stmt"/>
        <line num="64" count="1" type="stmt"/>
        <line num="68" count="2" type="stmt"/>
        <line num="72" count="1" type="stmt"/>
      </file>
      <file name="TopRow.vue" path="D:\CS\Courses\Trendyol Front-End Bootcamp\GitHub\reversed-spider-solitaire-mahmud-mardini\src\views\TopRow.vue">
        <metrics statements="4" coveredstatements="4" conditionals="0" coveredconditionals="0" methods="2" coveredmethods="2"/>
        <line num="35" count="2" type="stmt"/>
        <line num="36" count="2" type="stmt"/>
        <line num="52" count="1" type="stmt"/>
        <line num="56" count="1" type="stmt"/>
      </file>
      <file name="WinModal.vue" path="D:\CS\Courses\Trendyol Front-End Bootcamp\GitHub\reversed-spider-solitaire-mahmud-mardini\src\views\WinModal.vue">
        <metrics statements="2" coveredstatements="2" conditionals="0" coveredconditionals="0" methods="1" coveredmethods="1"/>
        <line num="56" count="1" type="stmt"/>
        <line num="57" count="1" type="stmt"/>
      </file>
    </package>
  </project>
</coverage>
