{"D:\\CS\\Courses\\Trendyol Front-End Bootcamp\\GitHub\\reversed-spider-solitaire-mahmud-mardini\\src\\App.vue": {"path":"D:\\CS\\Courses\\Trendyol Front-End Bootcamp\\GitHub\\reversed-spider-solitaire-mahmud-mardini\\src\\App.vue","statementMap":{"0":{"start":{"line":53,"column":0},"end":{"line":53,"column":null}},"1":{"start":{"line":56,"column":0},"end":{"line":56,"column":null}},"2":{"start":{"line":57,"column":0},"end":{"line":57,"column":null}},"3":{"start":{"line":58,"column":0},"end":{"line":58,"column":null}},"4":{"start":{"line":59,"column":0},"end":{"line":59,"column":null}},"5":{"start":{"line":60,"column":0},"end":{"line":60,"column":null}},"6":{"start":{"line":61,"column":0},"end":{"line":61,"column":null}},"7":{"start":{"line":64,"column":0},"end":{"line":64,"column":null}},"8":{"start":{"line":65,"column":0},"end":{"line":65,"column":null}},"9":{"start":{"line":67,"column":0},"end":{"line":67,"column":null}},"10":{"start":{"line":68,"column":0},"end":{"line":68,"column":null}},"11":{"start":{"line":70,"column":0},"end":{"line":70,"column":null}},"12":{"start":{"line":83,"column":0},"end":{"line":83,"column":null}},"13":{"start":{"line":84,"column":0},"end":{"line":84,"column":null}},"14":{"start":{"line":115,"column":0},"end":{"line":129,"column":null}},"15":{"start":{"line":115,"column":0},"end":{"line":115,"column":null}},"16":{"start":{"line":116,"column":0},"end":{"line":116,"column":null}},"17":{"start":{"line":125,"column":0},"end":{"line":125,"column":null}},"18":{"start":{"line":126,"column":0},"end":{"line":126,"column":null}},"19":{"start":{"line":131,"column":0},"end":{"line":131,"column":null}},"20":{"start":{"line":134,"column":0},"end":{"line":140,"column":null}},"21":{"start":{"line":134,"column":0},"end":{"line":134,"column":null}},"22":{"start":{"line":135,"column":0},"end":{"line":139,"column":null}},"23":{"start":{"line":135,"column":0},"end":{"line":135,"column":null}},"24":{"start":{"line":136,"column":0},"end":{"line":136,"column":null}},"25":{"start":{"line":137,"column":0},"end":{"line":137,"column":null}},"26":{"start":{"line":138,"column":0},"end":{"line":138,"column":null}},"27":{"start":{"line":143,"column":0},"end":{"line":149,"column":null}},"28":{"start":{"line":143,"column":0},"end":{"line":143,"column":null}},"29":{"start":{"line":144,"column":0},"end":{"line":148,"column":null}},"30":{"start":{"line":144,"column":0},"end":{"line":144,"column":null}},"31":{"start":{"line":145,"column":0},"end":{"line":145,"column":null}},"32":{"start":{"line":146,"column":0},"end":{"line":146,"column":null}},"33":{"start":{"line":147,"column":0},"end":{"line":147,"column":null}},"34":{"start":{"line":152,"column":0},"end":{"line":155,"column":null}},"35":{"start":{"line":153,"column":0},"end":{"line":153,"column":null}},"36":{"start":{"line":154,"column":0},"end":{"line":154,"column":null}},"37":{"start":{"line":158,"column":0},"end":{"line":158,"column":null}},"38":{"start":{"line":162,"column":0},"end":{"line":162,"column":null}},"39":{"start":{"line":163,"column":0},"end":{"line":163,"column":null}},"40":{"start":{"line":164,"column":0},"end":{"line":164,"column":null}},"41":{"start":{"line":165,"column":0},"end":{"line":165,"column":null}},"42":{"start":{"line":166,"column":0},"end":{"line":166,"column":null}},"43":{"start":{"line":167,"column":0},"end":{"line":167,"column":null}},"44":{"start":{"line":168,"column":0},"end":{"line":168,"column":null}},"45":{"start":{"line":169,"column":0},"end":{"line":169,"column":null}},"46":{"start":{"line":172,"column":0},"end":{"line":172,"column":null}},"47":{"start":{"line":173,"column":0},"end":{"line":175,"column":null}},"48":{"start":{"line":174,"column":0},"end":{"line":174,"column":null}},"49":{"start":{"line":180,"column":0},"end":{"line":184,"column":null}},"50":{"start":{"line":181,"column":0},"end":{"line":183,"column":null}},"51":{"start":{"line":182,"column":0},"end":{"line":182,"column":null}},"52":{"start":{"line":185,"column":0},"end":{"line":185,"column":null}},"53":{"start":{"line":188,"column":0},"end":{"line":188,"column":null}},"54":{"start":{"line":189,"column":0},"end":{"line":189,"column":null}},"55":{"start":{"line":193,"column":0},"end":{"line":203,"column":null}},"56":{"start":{"line":194,"column":0},"end":{"line":194,"column":null}},"57":{"start":{"line":196,"column":0},"end":{"line":196,"column":null}},"58":{"start":{"line":202,"column":0},"end":{"line":202,"column":null}},"59":{"start":{"line":208,"column":0},"end":{"line":210,"column":null}},"60":{"start":{"line":209,"column":0},"end":{"line":209,"column":null}},"61":{"start":{"line":213,"column":0},"end":{"line":213,"column":null}},"62":{"start":{"line":214,"column":0},"end":{"line":214,"column":null}},"63":{"start":{"line":217,"column":0},"end":{"line":217,"column":null}},"64":{"start":{"line":218,"column":0},"end":{"line":218,"column":null}},"65":{"start":{"line":219,"column":0},"end":{"line":221,"column":null}},"66":{"start":{"line":220,"column":0},"end":{"line":220,"column":null}},"67":{"start":{"line":223,"column":0},"end":{"line":223,"column":null}},"68":{"start":{"line":228,"column":0},"end":{"line":300,"column":null}},"69":{"start":{"line":229,"column":0},"end":{"line":229,"column":null}},"70":{"start":{"line":230,"column":0},"end":{"line":230,"column":null}},"71":{"start":{"line":231,"column":0},"end":{"line":231,"column":null}},"72":{"start":{"line":234,"column":0},"end":{"line":240,"column":null}},"73":{"start":{"line":235,"column":0},"end":{"line":239,"column":null}},"74":{"start":{"line":236,"column":0},"end":{"line":236,"column":null}},"75":{"start":{"line":237,"column":0},"end":{"line":237,"column":null}},"76":{"start":{"line":238,"column":0},"end":{"line":238,"column":null}},"77":{"start":{"line":243,"column":0},"end":{"line":245,"column":null}},"78":{"start":{"line":244,"column":0},"end":{"line":244,"column":null}},"79":{"start":{"line":247,"column":0},"end":{"line":247,"column":null}},"80":{"start":{"line":248,"column":0},"end":{"line":248,"column":null}},"81":{"start":{"line":250,"column":0},"end":{"line":262,"column":null}},"82":{"start":{"line":250,"column":0},"end":{"line":250,"column":null}},"83":{"start":{"line":252,"column":0},"end":{"line":256,"column":null}},"84":{"start":{"line":253,"column":0},"end":{"line":253,"column":null}},"85":{"start":{"line":255,"column":0},"end":{"line":255,"column":null}},"86":{"start":{"line":259,"column":0},"end":{"line":261,"column":null}},"87":{"start":{"line":260,"column":0},"end":{"line":260,"column":null}},"88":{"start":{"line":264,"column":0},"end":{"line":297,"column":null}},"89":{"start":{"line":267,"column":0},"end":{"line":271,"column":null}},"90":{"start":{"line":267,"column":0},"end":{"line":267,"column":null}},"91":{"start":{"line":268,"column":0},"end":{"line":268,"column":null}},"92":{"start":{"line":269,"column":0},"end":{"line":269,"column":null}},"93":{"start":{"line":270,"column":0},"end":{"line":270,"column":null}},"94":{"start":{"line":274,"column":0},"end":{"line":274,"column":null}},"95":{"start":{"line":277,"column":0},"end":{"line":283,"column":null}},"96":{"start":{"line":278,"column":0},"end":{"line":278,"column":null}},"97":{"start":{"line":279,"column":0},"end":{"line":283,"column":null}},"98":{"start":{"line":282,"column":0},"end":{"line":282,"column":null}},"99":{"start":{"line":285,"column":0},"end":{"line":285,"column":null}},"100":{"start":{"line":286,"column":0},"end":{"line":286,"column":null}},"101":{"start":{"line":289,"column":0},"end":{"line":289,"column":null}},"102":{"start":{"line":290,"column":0},"end":{"line":290,"column":null}},"103":{"start":{"line":293,"column":0},"end":{"line":293,"column":null}},"104":{"start":{"line":294,"column":0},"end":{"line":294,"column":null}},"105":{"start":{"line":296,"column":0},"end":{"line":296,"column":null}},"106":{"start":{"line":299,"column":0},"end":{"line":299,"column":null}},"107":{"start":{"line":305,"column":0},"end":{"line":356,"column":null}},"108":{"start":{"line":307,"column":0},"end":{"line":310,"column":null}},"109":{"start":{"line":308,"column":0},"end":{"line":308,"column":null}},"110":{"start":{"line":309,"column":0},"end":{"line":309,"column":null}},"111":{"start":{"line":313,"column":0},"end":{"line":315,"column":null}},"112":{"start":{"line":314,"column":0},"end":{"line":314,"column":null}},"113":{"start":{"line":318,"column":0},"end":{"line":320,"column":null}},"114":{"start":{"line":319,"column":0},"end":{"line":319,"column":null}},"115":{"start":{"line":322,"column":0},"end":{"line":353,"column":null}},"116":{"start":{"line":325,"column":0},"end":{"line":325,"column":null}},"117":{"start":{"line":328,"column":0},"end":{"line":330,"column":null}},"118":{"start":{"line":329,"column":0},"end":{"line":329,"column":null}},"119":{"start":{"line":333,"column":0},"end":{"line":333,"column":null}},"120":{"start":{"line":334,"column":0},"end":{"line":334,"column":null}},"121":{"start":{"line":336,"column":0},"end":{"line":342,"column":null}},"122":{"start":{"line":338,"column":0},"end":{"line":338,"column":null}},"123":{"start":{"line":339,"column":0},"end":{"line":339,"column":null}},"124":{"start":{"line":341,"column":0},"end":{"line":341,"column":null}},"125":{"start":{"line":347,"column":0},"end":{"line":350,"column":null}},"126":{"start":{"line":348,"column":0},"end":{"line":348,"column":null}},"127":{"start":{"line":349,"column":0},"end":{"line":349,"column":null}},"128":{"start":{"line":352,"column":0},"end":{"line":352,"column":null}},"129":{"start":{"line":355,"column":0},"end":{"line":355,"column":null}},"130":{"start":{"line":361,"column":0},"end":{"line":412,"column":null}},"131":{"start":{"line":362,"column":0},"end":{"line":362,"column":null}},"132":{"start":{"line":363,"column":0},"end":{"line":363,"column":null}},"133":{"start":{"line":365,"column":0},"end":{"line":365,"column":null}},"134":{"start":{"line":368,"column":0},"end":{"line":372,"column":null}},"135":{"start":{"line":369,"column":0},"end":{"line":369,"column":null}},"136":{"start":{"line":370,"column":0},"end":{"line":370,"column":null}},"137":{"start":{"line":371,"column":0},"end":{"line":371,"column":null}},"138":{"start":{"line":375,"column":0},"end":{"line":377,"column":null}},"139":{"start":{"line":376,"column":0},"end":{"line":376,"column":null}},"140":{"start":{"line":380,"column":0},"end":{"line":382,"column":null}},"141":{"start":{"line":381,"column":0},"end":{"line":381,"column":null}},"142":{"start":{"line":385,"column":0},"end":{"line":385,"column":null}},"143":{"start":{"line":386,"column":0},"end":{"line":386,"column":null}},"144":{"start":{"line":387,"column":0},"end":{"line":387,"column":null}},"145":{"start":{"line":389,"column":0},"end":{"line":389,"column":null}},"146":{"start":{"line":391,"column":0},"end":{"line":391,"column":null}},"147":{"start":{"line":394,"column":0},"end":{"line":399,"column":null}},"148":{"start":{"line":395,"column":0},"end":{"line":395,"column":null}},"149":{"start":{"line":398,"column":0},"end":{"line":398,"column":null}},"150":{"start":{"line":402,"column":0},"end":{"line":402,"column":null}},"151":{"start":{"line":405,"column":0},"end":{"line":405,"column":null}},"152":{"start":{"line":408,"column":0},"end":{"line":408,"column":null}},"153":{"start":{"line":409,"column":0},"end":{"line":409,"column":null}},"154":{"start":{"line":411,"column":0},"end":{"line":411,"column":null}},"155":{"start":{"line":416,"column":0},"end":{"line":454,"column":null}},"156":{"start":{"line":418,"column":0},"end":{"line":428,"column":null}},"157":{"start":{"line":419,"column":0},"end":{"line":419,"column":null}},"158":{"start":{"line":420,"column":0},"end":{"line":420,"column":null}},"159":{"start":{"line":423,"column":0},"end":{"line":427,"column":null}},"160":{"start":{"line":424,"column":0},"end":{"line":424,"column":null}},"161":{"start":{"line":426,"column":0},"end":{"line":426,"column":null}},"162":{"start":{"line":430,"column":0},"end":{"line":433,"column":null}},"163":{"start":{"line":431,"column":0},"end":{"line":431,"column":null}},"164":{"start":{"line":432,"column":0},"end":{"line":432,"column":null}},"165":{"start":{"line":435,"column":0},"end":{"line":438,"column":null}},"166":{"start":{"line":436,"column":0},"end":{"line":436,"column":null}},"167":{"start":{"line":437,"column":0},"end":{"line":437,"column":null}},"168":{"start":{"line":441,"column":0},"end":{"line":443,"column":null}},"169":{"start":{"line":442,"column":0},"end":{"line":442,"column":null}},"170":{"start":{"line":445,"column":0},"end":{"line":447,"column":null}},"171":{"start":{"line":446,"column":0},"end":{"line":446,"column":null}},"172":{"start":{"line":449,"column":0},"end":{"line":451,"column":null}},"173":{"start":{"line":450,"column":0},"end":{"line":450,"column":null}},"174":{"start":{"line":453,"column":0},"end":{"line":453,"column":null}},"175":{"start":{"line":458,"column":0},"end":{"line":458,"column":null}},"176":{"start":{"line":462,"column":0},"end":{"line":469,"column":null}},"177":{"start":{"line":463,"column":0},"end":{"line":463,"column":null}},"178":{"start":{"line":464,"column":0},"end":{"line":464,"column":null}},"179":{"start":{"line":465,"column":0},"end":{"line":465,"column":null}},"180":{"start":{"line":466,"column":0},"end":{"line":466,"column":null}},"181":{"start":{"line":468,"column":0},"end":{"line":468,"column":null}},"182":{"start":{"line":473,"column":0},"end":{"line":482,"column":null}},"183":{"start":{"line":475,"column":0},"end":{"line":479,"column":null}},"184":{"start":{"line":476,"column":0},"end":{"line":476,"column":null}},"185":{"start":{"line":477,"column":0},"end":{"line":477,"column":null}},"186":{"start":{"line":478,"column":0},"end":{"line":478,"column":null}},"187":{"start":{"line":481,"column":0},"end":{"line":481,"column":null}},"188":{"start":{"line":486,"column":0},"end":{"line":530,"column":null}},"189":{"start":{"line":488,"column":0},"end":{"line":490,"column":null}},"190":{"start":{"line":489,"column":0},"end":{"line":489,"column":null}},"191":{"start":{"line":493,"column":0},"end":{"line":499,"column":null}},"192":{"start":{"line":494,"column":0},"end":{"line":498,"column":null}},"193":{"start":{"line":495,"column":0},"end":{"line":497,"column":null}},"194":{"start":{"line":496,"column":0},"end":{"line":496,"column":null}},"195":{"start":{"line":501,"column":0},"end":{"line":526,"column":null}},"196":{"start":{"line":503,"column":0},"end":{"line":503,"column":null}},"197":{"start":{"line":505,"column":0},"end":{"line":514,"column":null}},"198":{"start":{"line":506,"column":0},"end":{"line":506,"column":null}},"199":{"start":{"line":509,"column":0},"end":{"line":513,"column":null}},"200":{"start":{"line":510,"column":0},"end":{"line":510,"column":null}},"201":{"start":{"line":512,"column":0},"end":{"line":512,"column":null}},"202":{"start":{"line":517,"column":0},"end":{"line":517,"column":null}},"203":{"start":{"line":518,"column":0},"end":{"line":518,"column":null}},"204":{"start":{"line":521,"column":0},"end":{"line":521,"column":null}},"205":{"start":{"line":529,"column":0},"end":{"line":529,"column":null}},"206":{"start":{"line":534,"column":0},"end":{"line":534,"column":null}},"207":{"start":{"line":535,"column":0},"end":{"line":535,"column":null}},"208":{"start":{"line":536,"column":0},"end":{"line":536,"column":null}}},"fnMap":{"0":{"name":"(anonymous_1)","decl":{"start":{"line":82,"column":0},"end":{"line":82,"column":null}},"loc":{"start":{"line":82,"column":0},"end":{"line":109,"column":null}}},"1":{"name":"(anonymous_2)","decl":{"start":{"line":84,"column":0},"end":{"line":84,"column":null}},"loc":{"start":{"line":84,"column":0},"end":{"line":84,"column":null}}},"2":{"name":"(anonymous_3)","decl":{"start":{"line":112,"column":0},"end":{"line":112,"column":null}},"loc":{"start":{"line":112,"column":0},"end":{"line":159,"column":null}}},"3":{"name":"(anonymous_4)","decl":{"start":{"line":124,"column":0},"end":{"line":124,"column":null}},"loc":{"start":{"line":124,"column":0},"end":{"line":127,"column":null}}},"4":{"name":"(anonymous_5)","decl":{"start":{"line":152,"column":0},"end":{"line":152,"column":null}},"loc":{"start":{"line":152,"column":0},"end":{"line":155,"column":null}}},"5":{"name":"(anonymous_6)","decl":{"start":{"line":161,"column":0},"end":{"line":161,"column":null}},"loc":{"start":{"line":161,"column":0},"end":{"line":177,"column":null}}},"6":{"name":"(anonymous_7)","decl":{"start":{"line":162,"column":0},"end":{"line":162,"column":null}},"loc":{"start":{"line":162,"column":0},"end":{"line":162,"column":null}}},"7":{"name":"(anonymous_8)","decl":{"start":{"line":173,"column":0},"end":{"line":173,"column":null}},"loc":{"start":{"line":173,"column":0},"end":{"line":175,"column":null}}},"8":{"name":"(anonymous_9)","decl":{"start":{"line":179,"column":0},"end":{"line":179,"column":null}},"loc":{"start":{"line":179,"column":0},"end":{"line":190,"column":null}}},"9":{"name":"(anonymous_10)","decl":{"start":{"line":180,"column":0},"end":{"line":180,"column":null}},"loc":{"start":{"line":180,"column":0},"end":{"line":184,"column":null}}},"10":{"name":"(anonymous_11)","decl":{"start":{"line":181,"column":0},"end":{"line":181,"column":null}},"loc":{"start":{"line":181,"column":0},"end":{"line":183,"column":null}}},"11":{"name":"(anonymous_12)","decl":{"start":{"line":192,"column":0},"end":{"line":192,"column":null}},"loc":{"start":{"line":192,"column":0},"end":{"line":204,"column":null}}},"12":{"name":"(anonymous_13)","decl":{"start":{"line":206,"column":0},"end":{"line":206,"column":null}},"loc":{"start":{"line":206,"column":0},"end":{"line":224,"column":null}}},"13":{"name":"(anonymous_14)","decl":{"start":{"line":213,"column":0},"end":{"line":213,"column":null}},"loc":{"start":{"line":213,"column":0},"end":{"line":213,"column":null}}},"14":{"name":"(anonymous_15)","decl":{"start":{"line":218,"column":0},"end":{"line":218,"column":null}},"loc":{"start":{"line":218,"column":0},"end":{"line":218,"column":null}}},"15":{"name":"(anonymous_16)","decl":{"start":{"line":219,"column":0},"end":{"line":219,"column":null}},"loc":{"start":{"line":219,"column":0},"end":{"line":221,"column":null}}},"16":{"name":"(anonymous_17)","decl":{"start":{"line":227,"column":0},"end":{"line":227,"column":null}},"loc":{"start":{"line":227,"column":0},"end":{"line":302,"column":null}}},"17":{"name":"(anonymous_18)","decl":{"start":{"line":234,"column":0},"end":{"line":234,"column":null}},"loc":{"start":{"line":234,"column":0},"end":{"line":240,"column":null}}},"18":{"name":"(anonymous_19)","decl":{"start":{"line":304,"column":0},"end":{"line":304,"column":null}},"loc":{"start":{"line":304,"column":0},"end":{"line":358,"column":null}}},"19":{"name":"(anonymous_20)","decl":{"start":{"line":313,"column":0},"end":{"line":313,"column":null}},"loc":{"start":{"line":313,"column":0},"end":{"line":315,"column":null}}},"20":{"name":"(anonymous_21)","decl":{"start":{"line":314,"column":0},"end":{"line":314,"column":null}},"loc":{"start":{"line":314,"column":0},"end":{"line":314,"column":null}}},"21":{"name":"(anonymous_22)","decl":{"start":{"line":328,"column":0},"end":{"line":328,"column":null}},"loc":{"start":{"line":328,"column":0},"end":{"line":330,"column":null}}},"22":{"name":"(anonymous_23)","decl":{"start":{"line":338,"column":0},"end":{"line":338,"column":null}},"loc":{"start":{"line":338,"column":0},"end":{"line":338,"column":null}}},"23":{"name":"(anonymous_24)","decl":{"start":{"line":360,"column":0},"end":{"line":360,"column":null}},"loc":{"start":{"line":360,"column":0},"end":{"line":413,"column":null}}},"24":{"name":"(anonymous_25)","decl":{"start":{"line":375,"column":0},"end":{"line":375,"column":null}},"loc":{"start":{"line":375,"column":0},"end":{"line":377,"column":null}}},"25":{"name":"(anonymous_26)","decl":{"start":{"line":386,"column":0},"end":{"line":386,"column":null}},"loc":{"start":{"line":386,"column":0},"end":{"line":386,"column":null}}},"26":{"name":"(anonymous_27)","decl":{"start":{"line":415,"column":0},"end":{"line":415,"column":null}},"loc":{"start":{"line":415,"column":0},"end":{"line":455,"column":null}}},"27":{"name":"(anonymous_28)","decl":{"start":{"line":435,"column":0},"end":{"line":435,"column":null}},"loc":{"start":{"line":435,"column":0},"end":{"line":438,"column":null}}},"28":{"name":"(anonymous_29)","decl":{"start":{"line":457,"column":0},"end":{"line":457,"column":null}},"loc":{"start":{"line":457,"column":0},"end":{"line":459,"column":null}}},"29":{"name":"(anonymous_30)","decl":{"start":{"line":461,"column":0},"end":{"line":461,"column":null}},"loc":{"start":{"line":461,"column":0},"end":{"line":470,"column":null}}},"30":{"name":"(anonymous_31)","decl":{"start":{"line":472,"column":0},"end":{"line":472,"column":null}},"loc":{"start":{"line":472,"column":0},"end":{"line":483,"column":null}}},"31":{"name":"(anonymous_32)","decl":{"start":{"line":485,"column":0},"end":{"line":485,"column":null}},"loc":{"start":{"line":485,"column":0},"end":{"line":531,"column":null}}},"32":{"name":"(anonymous_33)","decl":{"start":{"line":488,"column":0},"end":{"line":488,"column":null}},"loc":{"start":{"line":488,"column":0},"end":{"line":490,"column":null}}},"33":{"name":"(anonymous_34)","decl":{"start":{"line":493,"column":0},"end":{"line":493,"column":null}},"loc":{"start":{"line":493,"column":0},"end":{"line":499,"column":null}}},"34":{"name":"(anonymous_35)","decl":{"start":{"line":494,"column":0},"end":{"line":494,"column":null}},"loc":{"start":{"line":494,"column":0},"end":{"line":498,"column":null}}},"35":{"name":"(anonymous_36)","decl":{"start":{"line":503,"column":0},"end":{"line":503,"column":null}},"loc":{"start":{"line":503,"column":0},"end":{"line":503,"column":null}}},"36":{"name":"(anonymous_37)","decl":{"start":{"line":505,"column":0},"end":{"line":505,"column":null}},"loc":{"start":{"line":505,"column":0},"end":{"line":514,"column":null}}},"37":{"name":"(anonymous_38)","decl":{"start":{"line":506,"column":0},"end":{"line":506,"column":null}},"loc":{"start":{"line":506,"column":0},"end":{"line":506,"column":null}}},"38":{"name":"(anonymous_39)","decl":{"start":{"line":533,"column":0},"end":{"line":533,"column":null}},"loc":{"start":{"line":533,"column":0},"end":{"line":537,"column":null}}}},"branchMap":{"0":{"loc":{"start":{"line":194,"column":0},"end":{"line":194,"column":null}},"type":"if","locations":[{"start":{"line":194,"column":0},"end":{"line":194,"column":null}},{"start":{"line":194,"column":0},"end":{"line":194,"column":null}}]},"1":{"loc":{"start":{"line":208,"column":0},"end":{"line":210,"column":null}},"type":"if","locations":[{"start":{"line":208,"column":0},"end":{"line":210,"column":null}},{"start":{"line":208,"column":0},"end":{"line":210,"column":null}}]},"2":{"loc":{"start":{"line":223,"column":0},"end":{"line":223,"column":null}},"type":"binary-expr","locations":[{"start":{"line":223,"column":0},"end":{"line":223,"column":null}},{"start":{"line":223,"column":0},"end":{"line":223,"column":null}}]},"3":{"loc":{"start":{"line":235,"column":0},"end":{"line":239,"column":null}},"type":"if","locations":[{"start":{"line":235,"column":0},"end":{"line":239,"column":null}},{"start":{"line":235,"column":0},"end":{"line":239,"column":null}}]},"4":{"loc":{"start":{"line":243,"column":0},"end":{"line":245,"column":null}},"type":"if","locations":[{"start":{"line":243,"column":0},"end":{"line":245,"column":null}},{"start":{"line":243,"column":0},"end":{"line":245,"column":null}}]},"5":{"loc":{"start":{"line":252,"column":0},"end":{"line":256,"column":null}},"type":"if","locations":[{"start":{"line":252,"column":0},"end":{"line":256,"column":null}},{"start":{"line":252,"column":0},"end":{"line":256,"column":null}}]},"6":{"loc":{"start":{"line":259,"column":0},"end":{"line":261,"column":null}},"type":"if","locations":[{"start":{"line":259,"column":0},"end":{"line":261,"column":null}},{"start":{"line":259,"column":0},"end":{"line":261,"column":null}}]},"7":{"loc":{"start":{"line":264,"column":0},"end":{"line":297,"column":null}},"type":"if","locations":[{"start":{"line":264,"column":0},"end":{"line":297,"column":null}},{"start":{"line":264,"column":0},"end":{"line":297,"column":null}}]},"8":{"loc":{"start":{"line":277,"column":0},"end":{"line":283,"column":null}},"type":"if","locations":[{"start":{"line":277,"column":0},"end":{"line":283,"column":null}},{"start":{"line":277,"column":0},"end":{"line":283,"column":null}}]},"9":{"loc":{"start":{"line":279,"column":0},"end":{"line":283,"column":null}},"type":"if","locations":[{"start":{"line":279,"column":0},"end":{"line":283,"column":null}},{"start":{"line":279,"column":0},"end":{"line":283,"column":null}}]},"10":{"loc":{"start":{"line":307,"column":0},"end":{"line":310,"column":null}},"type":"if","locations":[{"start":{"line":307,"column":0},"end":{"line":310,"column":null}},{"start":{"line":307,"column":0},"end":{"line":310,"column":null}}]},"11":{"loc":{"start":{"line":318,"column":0},"end":{"line":320,"column":null}},"type":"if","locations":[{"start":{"line":318,"column":0},"end":{"line":320,"column":null}},{"start":{"line":318,"column":0},"end":{"line":320,"column":null}}]},"12":{"loc":{"start":{"line":318,"column":0},"end":{"line":318,"column":null}},"type":"binary-expr","locations":[{"start":{"line":318,"column":0},"end":{"line":318,"column":null}},{"start":{"line":318,"column":0},"end":{"line":318,"column":null}}]},"13":{"loc":{"start":{"line":322,"column":0},"end":{"line":353,"column":null}},"type":"if","locations":[{"start":{"line":322,"column":0},"end":{"line":353,"column":null}},{"start":{"line":322,"column":0},"end":{"line":353,"column":null}}]},"14":{"loc":{"start":{"line":336,"column":0},"end":{"line":342,"column":null}},"type":"if","locations":[{"start":{"line":336,"column":0},"end":{"line":342,"column":null}},{"start":{"line":336,"column":0},"end":{"line":342,"column":null}}]},"15":{"loc":{"start":{"line":347,"column":0},"end":{"line":350,"column":null}},"type":"if","locations":[{"start":{"line":347,"column":0},"end":{"line":350,"column":null}},{"start":{"line":347,"column":0},"end":{"line":350,"column":null}}]},"16":{"loc":{"start":{"line":368,"column":0},"end":{"line":372,"column":null}},"type":"if","locations":[{"start":{"line":368,"column":0},"end":{"line":372,"column":null}},{"start":{"line":368,"column":0},"end":{"line":372,"column":null}}]},"17":{"loc":{"start":{"line":368,"column":0},"end":{"line":368,"column":null}},"type":"binary-expr","locations":[{"start":{"line":368,"column":0},"end":{"line":368,"column":null}},{"start":{"line":368,"column":0},"end":{"line":368,"column":null}}]},"18":{"loc":{"start":{"line":380,"column":0},"end":{"line":382,"column":null}},"type":"if","locations":[{"start":{"line":380,"column":0},"end":{"line":382,"column":null}},{"start":{"line":380,"column":0},"end":{"line":382,"column":null}}]},"19":{"loc":{"start":{"line":394,"column":0},"end":{"line":399,"column":null}},"type":"if","locations":[{"start":{"line":394,"column":0},"end":{"line":399,"column":null}},{"start":{"line":394,"column":0},"end":{"line":399,"column":null}}]},"20":{"loc":{"start":{"line":418,"column":0},"end":{"line":428,"column":null}},"type":"if","locations":[{"start":{"line":418,"column":0},"end":{"line":428,"column":null}},{"start":{"line":418,"column":0},"end":{"line":428,"column":null}}]},"21":{"loc":{"start":{"line":423,"column":0},"end":{"line":427,"column":null}},"type":"if","locations":[{"start":{"line":423,"column":0},"end":{"line":427,"column":null}},{"start":{"line":423,"column":0},"end":{"line":427,"column":null}}]},"22":{"loc":{"start":{"line":430,"column":0},"end":{"line":433,"column":null}},"type":"if","locations":[{"start":{"line":430,"column":0},"end":{"line":433,"column":null}},{"start":{"line":430,"column":0},"end":{"line":433,"column":null}}]},"23":{"loc":{"start":{"line":441,"column":0},"end":{"line":443,"column":null}},"type":"if","locations":[{"start":{"line":441,"column":0},"end":{"line":443,"column":null}},{"start":{"line":441,"column":0},"end":{"line":443,"column":null}}]},"24":{"loc":{"start":{"line":445,"column":0},"end":{"line":447,"column":null}},"type":"if","locations":[{"start":{"line":445,"column":0},"end":{"line":447,"column":null}},{"start":{"line":445,"column":0},"end":{"line":447,"column":null}}]},"25":{"loc":{"start":{"line":449,"column":0},"end":{"line":451,"column":null}},"type":"if","locations":[{"start":{"line":449,"column":0},"end":{"line":451,"column":null}},{"start":{"line":449,"column":0},"end":{"line":451,"column":null}}]},"26":{"loc":{"start":{"line":475,"column":0},"end":{"line":479,"column":null}},"type":"if","locations":[{"start":{"line":475,"column":0},"end":{"line":479,"column":null}},{"start":{"line":475,"column":0},"end":{"line":479,"column":null}}]},"27":{"loc":{"start":{"line":478,"column":0},"end":{"line":478,"column":null}},"type":"cond-expr","locations":[{"start":{"line":478,"column":0},"end":{"line":478,"column":null}},{"start":{"line":478,"column":0},"end":{"line":478,"column":null}}]},"28":{"loc":{"start":{"line":495,"column":0},"end":{"line":497,"column":null}},"type":"if","locations":[{"start":{"line":495,"column":0},"end":{"line":497,"column":null}},{"start":{"line":495,"column":0},"end":{"line":497,"column":null}}]},"29":{"loc":{"start":{"line":501,"column":0},"end":{"line":526,"column":null}},"type":"if","locations":[{"start":{"line":501,"column":0},"end":{"line":526,"column":null}},{"start":{"line":501,"column":0},"end":{"line":526,"column":null}}]},"30":{"loc":{"start":{"line":509,"column":0},"end":{"line":513,"column":null}},"type":"if","locations":[{"start":{"line":509,"column":0},"end":{"line":513,"column":null}},{"start":{"line":509,"column":0},"end":{"line":513,"column":null}}]}},"s":{"0":2,"1":2,"2":2,"3":2,"4":2,"5":2,"6":2,"7":2,"8":2,"9":2,"10":2,"11":2,"12":2,"13":20,"14":1,"15":1,"16":104,"17":700,"18":700,"19":1,"20":1,"21":1,"22":4,"23":4,"24":24,"25":24,"26":24,"27":1,"28":1,"29":6,"30":6,"31":30,"32":30,"33":30,"34":1,"35":10,"36":10,"37":1,"38":22,"39":2,"40":2,"41":2,"42":2,"43":2,"44":2,"45":2,"46":2,"47":2,"48":0,"49":0,"50":0,"51":0,"52":0,"53":0,"54":0,"55":0,"56":0,"57":0,"58":0,"59":0,"60":0,"61":0,"62":0,"63":0,"64":0,"65":0,"66":0,"67":0,"68":0,"69":0,"70":0,"71":0,"72":0,"73":0,"74":0,"75":0,"76":0,"77":0,"78":0,"79":0,"80":0,"81":0,"82":0,"83":0,"84":0,"85":0,"86":0,"87":0,"88":0,"89":0,"90":0,"91":0,"92":0,"93":0,"94":0,"95":0,"96":0,"97":0,"98":0,"99":0,"100":0,"101":0,"102":0,"103":0,"104":0,"105":0,"106":0,"107":0,"108":0,"109":0,"110":0,"111":0,"112":0,"113":0,"114":0,"115":0,"116":0,"117":0,"118":0,"119":0,"120":0,"121":0,"122":0,"123":0,"124":0,"125":0,"126":0,"127":0,"128":0,"129":0,"130":0,"131":0,"132":0,"133":0,"134":0,"135":0,"136":0,"137":0,"138":0,"139":0,"140":0,"141":0,"142":0,"143":0,"144":0,"145":0,"146":0,"147":0,"148":0,"149":0,"150":0,"151":0,"152":0,"153":0,"154":0,"155":2,"156":2,"157":0,"158":0,"159":0,"160":0,"161":0,"162":2,"163":0,"164":0,"165":2,"166":0,"167":0,"168":2,"169":2,"170":2,"171":2,"172":2,"173":2,"174":0,"175":1,"176":3,"177":3,"178":3,"179":3,"180":3,"181":0,"182":1,"183":1,"184":0,"185":0,"186":0,"187":0,"188":1,"189":1,"190":10,"191":1,"192":1,"193":1,"194":0,"195":0,"196":0,"197":0,"198":0,"199":0,"200":0,"201":0,"202":0,"203":0,"204":0,"205":1,"206":2,"207":2,"208":2},"f":{"0":2,"1":20,"2":1,"3":700,"4":10,"5":2,"6":20,"7":0,"8":0,"9":0,"10":0,"11":0,"12":0,"13":0,"14":0,"15":0,"16":0,"17":0,"18":0,"19":0,"20":0,"21":0,"22":0,"23":0,"24":0,"25":0,"26":2,"27":0,"28":1,"29":3,"30":1,"31":1,"32":10,"33":1,"34":1,"35":0,"36":0,"37":0,"38":2},"b":{"0":[0,0],"1":[0,0],"2":[0,0],"3":[0,0],"4":[0,0],"5":[0,0],"6":[0,0],"7":[0,0],"8":[0,0],"9":[0,0],"10":[0,0],"11":[0,0],"12":[0,0],"13":[0,0],"14":[0,0],"15":[0,0],"16":[0,0],"17":[0,0],"18":[0,0],"19":[0,0],"20":[0,2],"21":[0,0],"22":[0,2],"23":[2,0],"24":[2,0],"25":[2,0],"26":[0,1],"27":[0,0],"28":[0,0],"29":[0,0],"30":[0,0]}}
,"D:\\CS\\Courses\\Trendyol Front-End Bootcamp\\GitHub\\reversed-spider-solitaire-mahmud-mardini\\src\\components\\AddCards.vue": {"path":"D:\\CS\\Courses\\Trendyol Front-End Bootcamp\\GitHub\\reversed-spider-solitaire-mahmud-mardini\\src\\components\\AddCards.vue","statementMap":{"0":{"start":{"line":34,"column":0},"end":{"line":34,"column":null}},"1":{"start":{"line":42,"column":0},"end":{"line":42,"column":null}},"2":{"start":{"line":46,"column":0},"end":{"line":46,"column":null}},"3":{"start":{"line":50,"column":0},"end":{"line":87,"column":null}},"4":{"start":{"line":52,"column":0},"end":{"line":52,"column":null}},"5":{"start":{"line":55,"column":0},"end":{"line":55,"column":null}},"6":{"start":{"line":58,"column":0},"end":{"line":58,"column":null}},"7":{"start":{"line":61,"column":0},"end":{"line":70,"column":null}},"8":{"start":{"line":62,"column":0},"end":{"line":62,"column":null}},"9":{"start":{"line":63,"column":0},"end":{"line":63,"column":null}},"10":{"start":{"line":64,"column":0},"end":{"line":64,"column":null}},"11":{"start":{"line":66,"column":0},"end":{"line":66,"column":null}},"12":{"start":{"line":69,"column":0},"end":{"line":69,"column":null}},"13":{"start":{"line":72,"column":0},"end":{"line":72,"column":null}},"14":{"start":{"line":75,"column":0},"end":{"line":75,"column":null}},"15":{"start":{"line":76,"column":0},"end":{"line":76,"column":null}},"16":{"start":{"line":79,"column":0},"end":{"line":79,"column":null}},"17":{"start":{"line":85,"column":0},"end":{"line":85,"column":null}},"18":{"start":{"line":86,"column":0},"end":{"line":86,"column":null}}},"fnMap":{"0":{"name":"(anonymous_1)","decl":{"start":{"line":33,"column":0},"end":{"line":33,"column":null}},"loc":{"start":{"line":33,"column":0},"end":{"line":37,"column":null}}},"1":{"name":"(anonymous_2)","decl":{"start":{"line":41,"column":0},"end":{"line":41,"column":null}},"loc":{"start":{"line":41,"column":0},"end":{"line":43,"column":null}}},"2":{"name":"(anonymous_3)","decl":{"start":{"line":45,"column":0},"end":{"line":45,"column":null}},"loc":{"start":{"line":45,"column":0},"end":{"line":47,"column":null}}},"3":{"name":"(anonymous_4)","decl":{"start":{"line":49,"column":0},"end":{"line":49,"column":null}},"loc":{"start":{"line":49,"column":0},"end":{"line":88,"column":null}}},"4":{"name":"(anonymous_5)","decl":{"start":{"line":55,"column":0},"end":{"line":55,"column":null}},"loc":{"start":{"line":55,"column":0},"end":{"line":55,"column":null}}},"5":{"name":"(anonymous_6)","decl":{"start":{"line":61,"column":0},"end":{"line":61,"column":null}},"loc":{"start":{"line":61,"column":0},"end":{"line":70,"column":null}}}},"branchMap":{"0":{"loc":{"start":{"line":52,"column":0},"end":{"line":52,"column":null}},"type":"if","locations":[{"start":{"line":52,"column":0},"end":{"line":52,"column":null}},{"start":{"line":52,"column":0},"end":{"line":52,"column":null}}]},"1":{"loc":{"start":{"line":58,"column":0},"end":{"line":58,"column":null}},"type":"if","locations":[{"start":{"line":58,"column":0},"end":{"line":58,"column":null}},{"start":{"line":58,"column":0},"end":{"line":58,"column":null}}]}},"s":{"0":2,"1":2,"2":1,"3":1,"4":1,"5":2,"6":1,"7":1,"8":1,"9":1,"10":1,"11":1,"12":1,"13":1,"14":1,"15":1,"16":0,"17":0,"18":0},"f":{"0":2,"1":2,"2":1,"3":1,"4":1,"5":1},"b":{"0":[0,1],"1":[0,1]}}
,"D:\\CS\\Courses\\Trendyol Front-End Bootcamp\\GitHub\\reversed-spider-solitaire-mahmud-mardini\\src\\components\\Card.vue": {"path":"D:\\CS\\Courses\\Trendyol Front-End Bootcamp\\GitHub\\reversed-spider-solitaire-mahmud-mardini\\src\\components\\Card.vue","statementMap":{"0":{"start":{"line":36,"column":0},"end":{"line":36,"column":null}},"1":{"start":{"line":48,"column":0},"end":{"line":48,"column":null}},"2":{"start":{"line":49,"column":0},"end":{"line":49,"column":null}},"3":{"start":{"line":53,"column":0},"end":{"line":53,"column":null}}},"fnMap":{"0":{"name":"(anonymous_1)","decl":{"start":{"line":47,"column":0},"end":{"line":47,"column":null}},"loc":{"start":{"line":47,"column":0},"end":{"line":50,"column":null}}},"1":{"name":"(anonymous_2)","decl":{"start":{"line":52,"column":0},"end":{"line":52,"column":null}},"loc":{"start":{"line":52,"column":0},"end":{"line":54,"column":null}}}},"branchMap":{},"s":{"0":4,"1":2,"2":2,"3":2},"f":{"0":2,"1":2},"b":{}}
,"D:\\CS\\Courses\\Trendyol Front-End Bootcamp\\GitHub\\reversed-spider-solitaire-mahmud-mardini\\src\\components\\Hint.vue": {"path":"D:\\CS\\Courses\\Trendyol Front-End Bootcamp\\GitHub\\reversed-spider-solitaire-mahmud-mardini\\src\\components\\Hint.vue","statementMap":{"0":{"start":{"line":23,"column":0},"end":{"line":23,"column":null}}},"fnMap":{"0":{"name":"(anonymous_1)","decl":{"start":{"line":22,"column":0},"end":{"line":22,"column":null}},"loc":{"start":{"line":22,"column":0},"end":{"line":24,"column":null}}}},"branchMap":{},"s":{"0":1},"f":{"0":1},"b":{}}
,"D:\\CS\\Courses\\Trendyol Front-End Bootcamp\\GitHub\\reversed-spider-solitaire-mahmud-mardini\\src\\components\\Levels.vue": {"path":"D:\\CS\\Courses\\Trendyol Front-End Bootcamp\\GitHub\\reversed-spider-solitaire-mahmud-mardini\\src\\components\\Levels.vue","statementMap":{"0":{"start":{"line":34,"column":0},"end":{"line":34,"column":null}},"1":{"start":{"line":45,"column":0},"end":{"line":45,"column":null}},"2":{"start":{"line":51,"column":0},"end":{"line":51,"column":null}},"3":{"start":{"line":54,"column":0},"end":{"line":54,"column":null}},"4":{"start":{"line":61,"column":0},"end":{"line":61,"column":null}}},"fnMap":{"0":{"name":"(anonymous_1)","decl":{"start":{"line":33,"column":0},"end":{"line":33,"column":null}},"loc":{"start":{"line":33,"column":0},"end":{"line":38,"column":null}}},"1":{"name":"(anonymous_2)","decl":{"start":{"line":44,"column":0},"end":{"line":44,"column":null}},"loc":{"start":{"line":44,"column":0},"end":{"line":46,"column":null}}},"2":{"name":"(anonymous_3)","decl":{"start":{"line":50,"column":0},"end":{"line":50,"column":null}},"loc":{"start":{"line":50,"column":0},"end":{"line":52,"column":null}}},"3":{"name":"(anonymous_4)","decl":{"start":{"line":53,"column":0},"end":{"line":53,"column":null}},"loc":{"start":{"line":53,"column":0},"end":{"line":55,"column":null}}},"4":{"name":"(anonymous_5)","decl":{"start":{"line":60,"column":0},"end":{"line":60,"column":null}},"loc":{"start":{"line":60,"column":0},"end":{"line":62,"column":null}}}},"branchMap":{},"s":{"0":2,"1":2,"2":2,"3":1,"4":2},"f":{"0":2,"1":2,"2":2,"3":1,"4":2},"b":{}}
,"D:\\CS\\Courses\\Trendyol Front-End Bootcamp\\GitHub\\reversed-spider-solitaire-mahmud-mardini\\src\\components\\NewGame.vue": {"path":"D:\\CS\\Courses\\Trendyol Front-End Bootcamp\\GitHub\\reversed-spider-solitaire-mahmud-mardini\\src\\components\\NewGame.vue","statementMap":{"0":{"start":{"line":28,"column":0},"end":{"line":28,"column":null}},"1":{"start":{"line":31,"column":0},"end":{"line":31,"column":null}}},"fnMap":{"0":{"name":"(anonymous_1)","decl":{"start":{"line":27,"column":0},"end":{"line":27,"column":null}},"loc":{"start":{"line":27,"column":0},"end":{"line":29,"column":null}}},"1":{"name":"(anonymous_2)","decl":{"start":{"line":30,"column":0},"end":{"line":30,"column":null}},"loc":{"start":{"line":30,"column":0},"end":{"line":32,"column":null}}}},"branchMap":{},"s":{"0":1,"1":1},"f":{"0":1,"1":1},"b":{}}
,"D:\\CS\\Courses\\Trendyol Front-End Bootcamp\\GitHub\\reversed-spider-solitaire-mahmud-mardini\\src\\components\\Pile.vue": {"path":"D:\\CS\\Courses\\Trendyol Front-End Bootcamp\\GitHub\\reversed-spider-solitaire-mahmud-mardini\\src\\components\\Pile.vue","statementMap":{"0":{"start":{"line":14,"column":0},"end":{"line":14,"column":null}},"1":{"start":{"line":33,"column":0},"end":{"line":33,"column":null}},"2":{"start":{"line":42,"column":0},"end":{"line":42,"column":null}},"3":{"start":{"line":43,"column":0},"end":{"line":43,"column":null}},"4":{"start":{"line":48,"column":0},"end":{"line":48,"column":null}},"5":{"start":{"line":54,"column":0},"end":{"line":54,"column":null}},"6":{"start":{"line":56,"column":0},"end":{"line":75,"column":null}},"7":{"start":{"line":57,"column":0},"end":{"line":59,"column":null}},"8":{"start":{"line":58,"column":0},"end":{"line":58,"column":null}},"9":{"start":{"line":60,"column":0},"end":{"line":60,"column":null}},"10":{"start":{"line":61,"column":0},"end":{"line":75,"column":null}},"11":{"start":{"line":64,"column":0},"end":{"line":66,"column":null}},"12":{"start":{"line":65,"column":0},"end":{"line":65,"column":null}},"13":{"start":{"line":67,"column":0},"end":{"line":67,"column":null}},"14":{"start":{"line":68,"column":0},"end":{"line":75,"column":null}},"15":{"start":{"line":71,"column":0},"end":{"line":73,"column":null}},"16":{"start":{"line":72,"column":0},"end":{"line":72,"column":null}},"17":{"start":{"line":74,"column":0},"end":{"line":74,"column":null}}},"fnMap":{"0":{"name":"(anonymous_1)","decl":{"start":{"line":32,"column":0},"end":{"line":32,"column":null}},"loc":{"start":{"line":32,"column":0},"end":{"line":39,"column":null}}},"1":{"name":"(anonymous_2)","decl":{"start":{"line":41,"column":0},"end":{"line":41,"column":null}},"loc":{"start":{"line":41,"column":0},"end":{"line":44,"column":null}}},"2":{"name":"(anonymous_3)","decl":{"start":{"line":47,"column":0},"end":{"line":47,"column":null}},"loc":{"start":{"line":47,"column":0},"end":{"line":49,"column":null}}},"3":{"name":"(anonymous_4)","decl":{"start":{"line":53,"column":0},"end":{"line":53,"column":null}},"loc":{"start":{"line":53,"column":0},"end":{"line":76,"column":null}}}},"branchMap":{"0":{"loc":{"start":{"line":56,"column":0},"end":{"line":75,"column":null}},"type":"if","locations":[{"start":{"line":56,"column":0},"end":{"line":75,"column":null}},{"start":{"line":56,"column":0},"end":{"line":75,"column":null}}]},"1":{"loc":{"start":{"line":57,"column":0},"end":{"line":59,"column":null}},"type":"if","locations":[{"start":{"line":57,"column":0},"end":{"line":59,"column":null}},{"start":{"line":57,"column":0},"end":{"line":59,"column":null}}]},"2":{"loc":{"start":{"line":61,"column":0},"end":{"line":75,"column":null}},"type":"if","locations":[{"start":{"line":61,"column":0},"end":{"line":75,"column":null}},{"start":{"line":61,"column":0},"end":{"line":75,"column":null}}]},"3":{"loc":{"start":{"line":64,"column":0},"end":{"line":66,"column":null}},"type":"if","locations":[{"start":{"line":64,"column":0},"end":{"line":66,"column":null}},{"start":{"line":64,"column":0},"end":{"line":66,"column":null}}]},"4":{"loc":{"start":{"line":68,"column":0},"end":{"line":75,"column":null}},"type":"if","locations":[{"start":{"line":68,"column":0},"end":{"line":75,"column":null}},{"start":{"line":68,"column":0},"end":{"line":75,"column":null}}]},"5":{"loc":{"start":{"line":71,"column":0},"end":{"line":73,"column":null}},"type":"if","locations":[{"start":{"line":71,"column":0},"end":{"line":73,"column":null}},{"start":{"line":71,"column":0},"end":{"line":73,"column":null}}]}},"s":{"0":3,"1":11,"2":11,"3":11,"4":1,"5":12,"6":12,"7":0,"8":0,"9":0,"10":12,"11":0,"12":0,"13":0,"14":12,"15":12,"16":11,"17":12},"f":{"0":11,"1":11,"2":1,"3":12},"b":{"0":[0,12],"1":[0,0],"2":[0,12],"3":[0,0],"4":[12,0],"5":[11,1]}}
,"D:\\CS\\Courses\\Trendyol Front-End Bootcamp\\GitHub\\reversed-spider-solitaire-mahmud-mardini\\src\\components\\Restart.vue": {"path":"D:\\CS\\Courses\\Trendyol Front-End Bootcamp\\GitHub\\reversed-spider-solitaire-mahmud-mardini\\src\\components\\Restart.vue","statementMap":{"0":{"start":{"line":23,"column":0},"end":{"line":23,"column":null}}},"fnMap":{"0":{"name":"(anonymous_1)","decl":{"start":{"line":22,"column":0},"end":{"line":22,"column":null}},"loc":{"start":{"line":22,"column":0},"end":{"line":24,"column":null}}}},"branchMap":{},"s":{"0":1},"f":{"0":1},"b":{}}
,"D:\\CS\\Courses\\Trendyol Front-End Bootcamp\\GitHub\\reversed-spider-solitaire-mahmud-mardini\\src\\views\\Actions.vue": {"path":"D:\\CS\\Courses\\Trendyol Front-End Bootcamp\\GitHub\\reversed-spider-solitaire-mahmud-mardini\\src\\views\\Actions.vue","statementMap":{"0":{"start":{"line":17,"column":0},"end":{"line":17,"column":null}},"1":{"start":{"line":18,"column":0},"end":{"line":18,"column":null}},"2":{"start":{"line":19,"column":0},"end":{"line":19,"column":null}},"3":{"start":{"line":20,"column":0},"end":{"line":20,"column":null}},"4":{"start":{"line":39,"column":0},"end":{"line":39,"column":null}},"5":{"start":{"line":42,"column":0},"end":{"line":42,"column":null}},"6":{"start":{"line":50,"column":0},"end":{"line":50,"column":null}},"7":{"start":{"line":54,"column":0},"end":{"line":54,"column":null}}},"fnMap":{"0":{"name":"(anonymous_1)","decl":{"start":{"line":38,"column":0},"end":{"line":38,"column":null}},"loc":{"start":{"line":38,"column":0},"end":{"line":40,"column":null}}},"1":{"name":"(anonymous_2)","decl":{"start":{"line":41,"column":0},"end":{"line":41,"column":null}},"loc":{"start":{"line":41,"column":0},"end":{"line":43,"column":null}}},"2":{"name":"(anonymous_3)","decl":{"start":{"line":49,"column":0},"end":{"line":49,"column":null}},"loc":{"start":{"line":49,"column":0},"end":{"line":51,"column":null}}},"3":{"name":"(anonymous_4)","decl":{"start":{"line":53,"column":0},"end":{"line":53,"column":null}},"loc":{"start":{"line":53,"column":0},"end":{"line":55,"column":null}}}},"branchMap":{},"s":{"0":3,"1":3,"2":3,"3":3,"4":2,"5":1,"6":1,"7":1},"f":{"0":2,"1":1,"2":1,"3":1},"b":{}}
,"D:\\CS\\Courses\\Trendyol Front-End Bootcamp\\GitHub\\reversed-spider-solitaire-mahmud-mardini\\src\\views\\Header.vue": {"path":"D:\\CS\\Courses\\Trendyol Front-End Bootcamp\\GitHub\\reversed-spider-solitaire-mahmud-mardini\\src\\views\\Header.vue","statementMap":{"0":{"start":{"line":16,"column":0},"end":{"line":16,"column":null}},"1":{"start":{"line":17,"column":0},"end":{"line":17,"column":null}},"2":{"start":{"line":18,"column":0},"end":{"line":18,"column":null}},"3":{"start":{"line":19,"column":0},"end":{"line":19,"column":null}}},"fnMap":{},"branchMap":{},"s":{"0":3,"1":3,"2":3,"3":3},"f":{},"b":{}}
,"D:\\CS\\Courses\\Trendyol Front-End Bootcamp\\GitHub\\reversed-spider-solitaire-mahmud-mardini\\src\\views\\StartModal.vue": {"path":"D:\\CS\\Courses\\Trendyol Front-End Bootcamp\\GitHub\\reversed-spider-solitaire-mahmud-mardini\\src\\views\\StartModal.vue","statementMap":{"0":{"start":{"line":37,"column":0},"end":{"line":37,"column":null}},"1":{"start":{"line":54,"column":0},"end":{"line":54,"column":null}},"2":{"start":{"line":57,"column":0},"end":{"line":57,"column":null}},"3":{"start":{"line":64,"column":0},"end":{"line":64,"column":null}},"4":{"start":{"line":68,"column":0},"end":{"line":68,"column":null}},"5":{"start":{"line":72,"column":0},"end":{"line":72,"column":null}}},"fnMap":{"0":{"name":"(anonymous_1)","decl":{"start":{"line":53,"column":0},"end":{"line":53,"column":null}},"loc":{"start":{"line":53,"column":0},"end":{"line":55,"column":null}}},"1":{"name":"(anonymous_2)","decl":{"start":{"line":56,"column":0},"end":{"line":56,"column":null}},"loc":{"start":{"line":56,"column":0},"end":{"line":58,"column":null}}},"2":{"name":"(anonymous_3)","decl":{"start":{"line":63,"column":0},"end":{"line":63,"column":null}},"loc":{"start":{"line":63,"column":0},"end":{"line":65,"column":null}}},"3":{"name":"(anonymous_4)","decl":{"start":{"line":67,"column":0},"end":{"line":67,"column":null}},"loc":{"start":{"line":67,"column":0},"end":{"line":69,"column":null}}},"4":{"name":"(anonymous_5)","decl":{"start":{"line":71,"column":0},"end":{"line":71,"column":null}},"loc":{"start":{"line":71,"column":0},"end":{"line":73,"column":null}}}},"branchMap":{},"s":{"0":3,"1":2,"2":1,"3":1,"4":2,"5":1},"f":{"0":2,"1":1,"2":1,"3":2,"4":1},"b":{}}
,"D:\\CS\\Courses\\Trendyol Front-End Bootcamp\\GitHub\\reversed-spider-solitaire-mahmud-mardini\\src\\views\\TopRow.vue": {"path":"D:\\CS\\Courses\\Trendyol Front-End Bootcamp\\GitHub\\reversed-spider-solitaire-mahmud-mardini\\src\\views\\TopRow.vue","statementMap":{"0":{"start":{"line":35,"column":0},"end":{"line":35,"column":null}},"1":{"start":{"line":36,"column":0},"end":{"line":36,"column":null}},"2":{"start":{"line":52,"column":0},"end":{"line":52,"column":null}},"3":{"start":{"line":56,"column":0},"end":{"line":56,"column":null}}},"fnMap":{"0":{"name":"(anonymous_1)","decl":{"start":{"line":51,"column":0},"end":{"line":51,"column":null}},"loc":{"start":{"line":51,"column":0},"end":{"line":53,"column":null}}},"1":{"name":"(anonymous_2)","decl":{"start":{"line":55,"column":0},"end":{"line":55,"column":null}},"loc":{"start":{"line":55,"column":0},"end":{"line":57,"column":null}}}},"branchMap":{},"s":{"0":2,"1":2,"2":1,"3":1},"f":{"0":1,"1":1},"b":{}}
,"D:\\CS\\Courses\\Trendyol Front-End Bootcamp\\GitHub\\reversed-spider-solitaire-mahmud-mardini\\src\\views\\WinModal.vue": {"path":"D:\\CS\\Courses\\Trendyol Front-End Bootcamp\\GitHub\\reversed-spider-solitaire-mahmud-mardini\\src\\views\\WinModal.vue","statementMap":{"0":{"start":{"line":56,"column":0},"end":{"line":56,"column":null}},"1":{"start":{"line":57,"column":0},"end":{"line":57,"column":null}}},"fnMap":{"0":{"name":"(anonymous_1)","decl":{"start":{"line":55,"column":0},"end":{"line":55,"column":null}},"loc":{"start":{"line":55,"column":0},"end":{"line":58,"column":null}}}},"branchMap":{},"s":{"0":1,"1":1},"f":{"0":1},"b":{}}
}
