TN:
SF:D:\CS\Courses\Trendyol Front-End Bootcamp\GitHub\reversed-spider-solitaire-mahmud-mardini\src\App.vue
FN:82,(anonymous_1)
FN:84,(anonymous_2)
FN:112,(anonymous_3)
FN:124,(anonymous_4)
FN:152,(anonymous_5)
FN:161,(anonymous_6)
FN:162,(anonymous_7)
FN:173,(anonymous_8)
FN:179,(anonymous_9)
FN:180,(anonymous_10)
FN:181,(anonymous_11)
FN:192,(anonymous_12)
FN:206,(anonymous_13)
FN:213,(anonymous_14)
FN:218,(anonymous_15)
FN:219,(anonymous_16)
FN:227,(anonymous_17)
FN:234,(anonymous_18)
FN:304,(anonymous_19)
FN:313,(anonymous_20)
FN:314,(anonymous_21)
FN:328,(anonymous_22)
FN:338,(anonymous_23)
FN:360,(anonymous_24)
FN:375,(anonymous_25)
FN:386,(anonymous_26)
FN:415,(anonymous_27)
FN:435,(anonymous_28)
FN:457,(anonymous_29)
FN:461,(anonymous_30)
FN:472,(anonymous_31)
FN:485,(anonymous_32)
FN:488,(anonymous_33)
FN:493,(anonymous_34)
FN:494,(anonymous_35)
FN:503,(anonymous_36)
FN:505,(anonymous_37)
FN:506,(anonymous_38)
FN:533,(anonymous_39)
FNF:39
FNH:16
FNDA:2,(anonymous_1)
FNDA:20,(anonymous_2)
FNDA:1,(anonymous_3)
FNDA:700,(anonymous_4)
FNDA:10,(anonymous_5)
FNDA:2,(anonymous_6)
FNDA:20,(anonymous_7)
FNDA:0,(anonymous_8)
FNDA:0,(anonymous_9)
FNDA:0,(anonymous_10)
FNDA:0,(anonymous_11)
FNDA:0,(anonymous_12)
FNDA:0,(anonymous_13)
FNDA:0,(anonymous_14)
FNDA:0,(anonymous_15)
FNDA:0,(anonymous_16)
FNDA:0,(anonymous_17)
FNDA:0,(anonymous_18)
FNDA:0,(anonymous_19)
FNDA:0,(anonymous_20)
FNDA:0,(anonymous_21)
FNDA:0,(anonymous_22)
FNDA:0,(anonymous_23)
FNDA:0,(anonymous_24)
FNDA:0,(anonymous_25)
FNDA:0,(anonymous_26)
FNDA:2,(anonymous_27)
FNDA:0,(anonymous_28)
FNDA:1,(anonymous_29)
FNDA:3,(anonymous_30)
FNDA:1,(anonymous_31)
FNDA:1,(anonymous_32)
FNDA:10,(anonymous_33)
FNDA:1,(anonymous_34)
FNDA:1,(anonymous_35)
FNDA:0,(anonymous_36)
FNDA:0,(anonymous_37)
FNDA:0,(anonymous_38)
FNDA:2,(anonymous_39)
DA:53,2
DA:56,2
DA:57,2
DA:58,2
DA:59,2
DA:60,2
DA:61,2
DA:64,2
DA:65,2
DA:67,2
DA:68,2
DA:70,2
DA:83,2
DA:84,20
DA:115,1
DA:116,104
DA:125,700
DA:126,700
DA:131,1
DA:134,1
DA:135,4
DA:136,24
DA:137,24
DA:138,24
DA:143,1
DA:144,6
DA:145,30
DA:146,30
DA:147,30
DA:152,1
DA:153,10
DA:154,10
DA:158,1
DA:162,22
DA:163,2
DA:164,2
DA:165,2
DA:166,2
DA:167,2
DA:168,2
DA:169,2
DA:172,2
DA:173,2
DA:174,0
DA:180,0
DA:181,0
DA:182,0
DA:185,0
DA:188,0
DA:189,0
DA:193,0
DA:194,0
DA:196,0
DA:202,0
DA:208,0
DA:209,0
DA:213,0
DA:214,0
DA:217,0
DA:218,0
DA:219,0
DA:220,0
DA:223,0
DA:228,0
DA:229,0
DA:230,0
DA:231,0
DA:234,0
DA:235,0
DA:236,0
DA:237,0
DA:238,0
DA:243,0
DA:244,0
DA:247,0
DA:248,0
DA:250,0
DA:252,0
DA:253,0
DA:255,0
DA:259,0
DA:260,0
DA:264,0
DA:267,0
DA:268,0
DA:269,0
DA:270,0
DA:274,0
DA:277,0
DA:278,0
DA:279,0
DA:282,0
DA:285,0
DA:286,0
DA:289,0
DA:290,0
DA:293,0
DA:294,0
DA:296,0
DA:299,0
DA:305,0
DA:307,0
DA:308,0
DA:309,0
DA:313,0
DA:314,0
DA:318,0
DA:319,0
DA:322,0
DA:325,0
DA:328,0
DA:329,0
DA:333,0
DA:334,0
DA:336,0
DA:338,0
DA:339,0
DA:341,0
DA:347,0
DA:348,0
DA:349,0
DA:352,0
DA:355,0
DA:361,0
DA:362,0
DA:363,0
DA:365,0
DA:368,0
DA:369,0
DA:370,0
DA:371,0
DA:375,0
DA:376,0
DA:380,0
DA:381,0
DA:385,0
DA:386,0
DA:387,0
DA:389,0
DA:391,0
DA:394,0
DA:395,0
DA:398,0
DA:402,0
DA:405,0
DA:408,0
DA:409,0
DA:411,0
DA:416,2
DA:418,2
DA:419,0
DA:420,0
DA:423,0
DA:424,0
DA:426,0
DA:430,2
DA:431,0
DA:432,0
DA:435,2
DA:436,0
DA:437,0
DA:441,2
DA:442,2
DA:445,2
DA:446,2
DA:449,2
DA:450,2
DA:453,0
DA:458,1
DA:462,3
DA:463,3
DA:464,3
DA:465,3
DA:466,3
DA:468,0
DA:473,1
DA:475,1
DA:476,0
DA:477,0
DA:478,0
DA:481,0
DA:486,1
DA:488,1
DA:489,10
DA:493,1
DA:494,1
DA:495,1
DA:496,0
DA:501,0
DA:503,0
DA:505,0
DA:506,0
DA:509,0
DA:510,0
DA:512,0
DA:517,0
DA:518,0
DA:521,0
DA:529,1
DA:534,2
DA:535,2
DA:536,2
LF:202
LH:71
BRDA:194,0,0,0
BRDA:194,0,1,0
BRDA:208,1,0,0
BRDA:208,1,1,0
BRDA:223,2,0,0
BRDA:223,2,1,0
BRDA:235,3,0,0
BRDA:235,3,1,0
BRDA:243,4,0,0
BRDA:243,4,1,0
BRDA:252,5,0,0
BRDA:252,5,1,0
BRDA:259,6,0,0
BRDA:259,6,1,0
BRDA:264,7,0,0
BRDA:264,7,1,0
BRDA:277,8,0,0
BRDA:277,8,1,0
BRDA:279,9,0,0
BRDA:279,9,1,0
BRDA:307,10,0,0
BRDA:307,10,1,0
BRDA:318,11,0,0
BRDA:318,11,1,0
BRDA:318,12,0,0
BRDA:318,12,1,0
BRDA:322,13,0,0
BRDA:322,13,1,0
BRDA:336,14,0,0
BRDA:336,14,1,0
BRDA:347,15,0,0
BRDA:347,15,1,0
BRDA:368,16,0,0
BRDA:368,16,1,0
BRDA:368,17,0,0
BRDA:368,17,1,0
BRDA:380,18,0,0
BRDA:380,18,1,0
BRDA:394,19,0,0
BRDA:394,19,1,0
BRDA:418,20,0,0
BRDA:418,20,1,2
BRDA:423,21,0,0
BRDA:423,21,1,0
BRDA:430,22,0,0
BRDA:430,22,1,2
BRDA:441,23,0,2
BRDA:441,23,1,0
BRDA:445,24,0,2
BRDA:445,24,1,0
BRDA:449,25,0,2
BRDA:449,25,1,0
BRDA:475,26,0,0
BRDA:475,26,1,1
BRDA:478,27,0,0
BRDA:478,27,1,0
BRDA:495,28,0,0
BRDA:495,28,1,0
BRDA:501,29,0,0
BRDA:501,29,1,0
BRDA:509,30,0,0
BRDA:509,30,1,0
BRF:62
BRH:6
end_of_record
TN:
SF:D:\CS\Courses\Trendyol Front-End Bootcamp\GitHub\reversed-spider-solitaire-mahmud-mardini\src\components\AddCards.vue
FN:33,(anonymous_1)
FN:41,(anonymous_2)
FN:45,(anonymous_3)
FN:49,(anonymous_4)
FN:55,(anonymous_5)
FN:61,(anonymous_6)
FNF:6
FNH:6
FNDA:2,(anonymous_1)
FNDA:2,(anonymous_2)
FNDA:1,(anonymous_3)
FNDA:1,(anonymous_4)
FNDA:1,(anonymous_5)
FNDA:1,(anonymous_6)
DA:34,2
DA:42,2
DA:46,1
DA:50,1
DA:52,1
DA:55,2
DA:58,1
DA:61,1
DA:62,1
DA:63,1
DA:64,1
DA:66,1
DA:69,1
DA:72,1
DA:75,1
DA:76,1
DA:79,0
DA:85,0
DA:86,0
LF:19
LH:16
BRDA:52,0,0,0
BRDA:52,0,1,1
BRDA:58,1,0,0
BRDA:58,1,1,1
BRF:4
BRH:2
end_of_record
TN:
SF:D:\CS\Courses\Trendyol Front-End Bootcamp\GitHub\reversed-spider-solitaire-mahmud-mardini\src\components\Card.vue
FN:47,(anonymous_1)
FN:52,(anonymous_2)
FNF:2
FNH:2
FNDA:2,(anonymous_1)
FNDA:2,(anonymous_2)
DA:36,4
DA:48,2
DA:49,2
DA:53,2
LF:4
LH:4
BRF:0
BRH:0
end_of_record
TN:
SF:D:\CS\Courses\Trendyol Front-End Bootcamp\GitHub\reversed-spider-solitaire-mahmud-mardini\src\components\Hint.vue
FN:22,(anonymous_1)
FNF:1
FNH:1
FNDA:1,(anonymous_1)
DA:23,1
LF:1
LH:1
BRF:0
BRH:0
end_of_record
TN:
SF:D:\CS\Courses\Trendyol Front-End Bootcamp\GitHub\reversed-spider-solitaire-mahmud-mardini\src\components\Levels.vue
FN:33,(anonymous_1)
FN:44,(anonymous_2)
FN:50,(anonymous_3)
FN:53,(anonymous_4)
FN:60,(anonymous_5)
FNF:5
FNH:5
FNDA:2,(anonymous_1)
FNDA:2,(anonymous_2)
FNDA:2,(anonymous_3)
FNDA:1,(anonymous_4)
FNDA:2,(anonymous_5)
DA:34,2
DA:45,2
DA:51,2
DA:54,1
DA:61,2
LF:5
LH:5
BRF:0
BRH:0
end_of_record
TN:
SF:D:\CS\Courses\Trendyol Front-End Bootcamp\GitHub\reversed-spider-solitaire-mahmud-mardini\src\components\NewGame.vue
FN:27,(anonymous_1)
FN:30,(anonymous_2)
FNF:2
FNH:2
FNDA:1,(anonymous_1)
FNDA:1,(anonymous_2)
DA:28,1
DA:31,1
LF:2
LH:2
BRF:0
BRH:0
end_of_record
TN:
SF:D:\CS\Courses\Trendyol Front-End Bootcamp\GitHub\reversed-spider-solitaire-mahmud-mardini\src\components\Pile.vue
FN:32,(anonymous_1)
FN:41,(anonymous_2)
FN:47,(anonymous_3)
FN:53,(anonymous_4)
FNF:4
FNH:4
FNDA:11,(anonymous_1)
FNDA:11,(anonymous_2)
FNDA:1,(anonymous_3)
FNDA:12,(anonymous_4)
DA:14,3
DA:33,11
DA:42,11
DA:43,11
DA:48,1
DA:54,12
DA:56,12
DA:57,0
DA:58,0
DA:60,0
DA:61,12
DA:64,0
DA:65,0
DA:67,0
DA:68,12
DA:71,12
DA:72,11
DA:74,12
LF:18
LH:12
BRDA:56,0,0,0
BRDA:56,0,1,12
BRDA:57,1,0,0
BRDA:57,1,1,0
BRDA:61,2,0,0
BRDA:61,2,1,12
BRDA:64,3,0,0
BRDA:64,3,1,0
BRDA:68,4,0,12
BRDA:68,4,1,0
BRDA:71,5,0,11
BRDA:71,5,1,1
BRF:12
BRH:5
end_of_record
TN:
SF:D:\CS\Courses\Trendyol Front-End Bootcamp\GitHub\reversed-spider-solitaire-mahmud-mardini\src\components\Restart.vue
FN:22,(anonymous_1)
FNF:1
FNH:1
FNDA:1,(anonymous_1)
DA:23,1
LF:1
LH:1
BRF:0
BRH:0
end_of_record
TN:
SF:D:\CS\Courses\Trendyol Front-End Bootcamp\GitHub\reversed-spider-solitaire-mahmud-mardini\src\views\Actions.vue
FN:38,(anonymous_1)
FN:41,(anonymous_2)
FN:49,(anonymous_3)
FN:53,(anonymous_4)
FNF:4
FNH:4
FNDA:2,(anonymous_1)
FNDA:1,(anonymous_2)
FNDA:1,(anonymous_3)
FNDA:1,(anonymous_4)
DA:17,3
DA:18,3
DA:19,3
DA:20,3
DA:39,2
DA:42,1
DA:50,1
DA:54,1
LF:8
LH:8
BRF:0
BRH:0
end_of_record
TN:
SF:D:\CS\Courses\Trendyol Front-End Bootcamp\GitHub\reversed-spider-solitaire-mahmud-mardini\src\views\Header.vue
FNF:0
FNH:0
DA:16,3
DA:17,3
DA:18,3
DA:19,3
LF:4
LH:4
BRF:0
BRH:0
end_of_record
TN:
SF:D:\CS\Courses\Trendyol Front-End Bootcamp\GitHub\reversed-spider-solitaire-mahmud-mardini\src\views\StartModal.vue
FN:53,(anonymous_1)
FN:56,(anonymous_2)
FN:63,(anonymous_3)
FN:67,(anonymous_4)
FN:71,(anonymous_5)
FNF:5
FNH:5
FNDA:2,(anonymous_1)
FNDA:1,(anonymous_2)
FNDA:1,(anonymous_3)
FNDA:2,(anonymous_4)
FNDA:1,(anonymous_5)
DA:37,3
DA:54,2
DA:57,1
DA:64,1
DA:68,2
DA:72,1
LF:6
LH:6
BRF:0
BRH:0
end_of_record
TN:
SF:D:\CS\Courses\Trendyol Front-End Bootcamp\GitHub\reversed-spider-solitaire-mahmud-mardini\src\views\TopRow.vue
FN:51,(anonymous_1)
FN:55,(anonymous_2)
FNF:2
FNH:2
FNDA:1,(anonymous_1)
FNDA:1,(anonymous_2)
DA:35,2
DA:36,2
DA:52,1
DA:56,1
LF:4
LH:4
BRF:0
BRH:0
end_of_record
TN:
SF:D:\CS\Courses\Trendyol Front-End Bootcamp\GitHub\reversed-spider-solitaire-mahmud-mardini\src\views\WinModal.vue
FN:55,(anonymous_1)
FNF:1
FNH:1
FNDA:1,(anonymous_1)
DA:56,1
DA:57,1
LF:2
LH:2
BRF:0
BRH:0
end_of_record
